#
# There is insufficient memory for the Java Runtime Environment to continue.
# Native memory allocation (malloc) failed to allocate 1766816 bytes for Chunk::new
# Possible reasons:
#   The system is out of physical RAM or swap space
#   In 32 bit mode, the process size limit was hit
# Possible solutions:
#   Reduce memory load on the system
#   Increase physical memory or swap space
#   Check if swap backing store is full
#   Use 64 bit Java on a 64 bit OS
#   Decrease Java heap size (-Xmx/-Xms)
#   Decrease number of Java threads
#   Decrease Java thread stack sizes (-Xss)
#   Set larger code cache with -XX:ReservedCodeCacheSize=
# This output file may be truncated or incomplete.
#
#  Out of Memory Error (allocation.cpp:323), pid=9348, tid=12180
#
# JRE version: Java(TM) SE Runtime Environment (7.0_79-b15) (build 1.7.0_79-b15)
# Java VM: Java HotSpot(TM) 64-Bit Server VM (24.79-b02 mixed mode windows-amd64 compressed oops)
# Failed to write core dump. Minidumps are not enabled by default on client versions of Windows
#

---------------  T H R E A D  ---------------

Current thread (0x0000000008605800):  JavaThread "C2 CompilerThread0" daemon [_thread_in_native, id=12180, stack(0x0000000009b80000,0x0000000009c80000)]

Stack: [0x0000000009b80000,0x0000000009c80000]
[error occurred during error reporting (printing stack bounds), id 0xc0000005]


Current CompileTask:
C2:   8176  869   !         com.android.dx.dex.cf.CfTranslator::processMethods (583 bytes)


---------------  P R O C E S S  ---------------

Java Threads: ( => current thread )
  0x000000000a209000 JavaThread "pool-2-thread-4" [_thread_in_Java, id=9504, stack(0x000000000a780000,0x000000000a880000)]
  0x000000000a214800 JavaThread "pool-2-thread-3" [_thread_in_Java, id=6876, stack(0x000000000a680000,0x000000000a780000)]
  0x000000000a208000 JavaThread "pool-2-thread-2" [_thread_in_Java, id=11172, stack(0x000000000a580000,0x000000000a680000)]
  0x000000000a16c800 JavaThread "pool-3-thread-1" [_thread_blocked, id=11396, stack(0x000000000a480000,0x000000000a580000)]
  0x000000000a13d800 JavaThread "pool-2-thread-1" [_thread_in_Java, id=4876, stack(0x000000000a380000,0x000000000a480000)]
  0x0000000008620000 JavaThread "Service Thread" daemon [_thread_blocked, id=9496, stack(0x0000000009d80000,0x0000000009e80000)]
  0x000000000860f000 JavaThread "C2 CompilerThread1" daemon [_thread_in_native, id=3228, stack(0x0000000009c80000,0x0000000009d80000)]
=>0x0000000008605800 JavaThread "C2 CompilerThread0" daemon [_thread_in_native, id=12180, stack(0x0000000009b80000,0x0000000009c80000)]
  0x0000000008604800 JavaThread "Attach Listener" daemon [_thread_blocked, id=6408, stack(0x0000000009a80000,0x0000000009b80000)]
  0x0000000008601800 JavaThread "Signal Dispatcher" daemon [_thread_blocked, id=9876, stack(0x0000000009980000,0x0000000009a80000)]
  0x00000000085d0000 JavaThread "Finalizer" daemon [_thread_blocked, id=7120, stack(0x0000000009880000,0x0000000009980000)]
  0x00000000085c7000 JavaThread "Reference Handler" daemon [_thread_blocked, id=10412, stack(0x0000000009780000,0x0000000009880000)]
  0x0000000002730800 JavaThread "main" [_thread_in_Java, id=4736, stack(0x0000000002550000,0x0000000002650000)]

Other Threads:
  0x00000000085c0800 VMThread [stack: 0x0000000009680000,0x0000000009780000] [id=9996]
  0x000000000862b000 WatcherThread [stack: 0x0000000009e80000,0x0000000009f80000] [id=11776]

VM state:not at safepoint (normal execution)

VM Mutex/Monitor currently owned by a thread: None

Heap
 PSYoungGen      total 293888K, used 176875K [0x00000000eaa80000, 0x0000000100000000, 0x0000000100000000)
  eden space 262144K, 57% used [0x00000000eaa80000,0x00000000f3cf1fa8,0x00000000faa80000)
  from space 31744K, 84% used [0x00000000faa80000,0x00000000fc4c8d48,0x00000000fc980000)
  to   space 55296K, 0% used [0x00000000fca00000,0x00000000fca00000,0x0000000100000000)
 ParOldGen       total 174592K, used 86038K [0x00000000c0000000, 0x00000000caa80000, 0x00000000eaa80000)
  object space 174592K, 49% used [0x00000000c0000000,0x00000000c5405a28,0x00000000caa80000)
 PSPermGen       total 21504K, used 6058K [0x00000000bae00000, 0x00000000bc300000, 0x00000000c0000000)
  object space 21504K, 28% used [0x00000000bae00000,0x00000000bb3ea928,0x00000000bc300000)

Card table byte_map: [0x0000000005830000,0x0000000005a60000] byte_map_base: 0x0000000005259000

Polling page: 0x0000000000d60000

Code Cache  [0x0000000002830000, 0x0000000002b40000, 0x0000000005830000)
 total_blobs=1108 nmethods=871 adapters=189 free_code_cache=46072Kb largest_free_block=47137472

Compilation events (10 events):
Event: 8.027 Thread 0x000000000860f000 nmethod 878 0x0000000002937c90 code [0x0000000002937dc0, 0x0000000002937e18]
Event: 8.027 Thread 0x000000000860f000  879             java.util.concurrent.locks.AbstractQueuedSynchronizer::release (33 bytes)
Event: 8.030 Thread 0x000000000860f000 nmethod 879 0x00000000029378d0 code [0x0000000002937a20, 0x0000000002937b68]
Event: 8.051 Thread 0x000000000860f000  880             com.android.dx.ssa.ConstCollector::run (236 bytes)
Event: 8.071 Thread 0x000000000860f000 nmethod 880 0x0000000002b1c410 code [0x0000000002b1c680, 0x0000000002b1d158]
Event: 8.072 Thread 0x000000000860f000  881             com.android.dx.cf.direct.StdAttributeFactory::lineNumberTable (204 bytes)
Event: 8.086 Thread 0x000000000860f000 nmethod 881 0x0000000002b39890 code [0x0000000002b39a40, 0x0000000002b3a1b8]
Event: 8.087 Thread 0x000000000860f000  882             com.android.dx.cf.direct.DirectClassFile::getAttributes (9 bytes)
Event: 8.088 Thread 0x000000000860f000 nmethod 882 0x0000000002937690 code [0x00000000029377c0, 0x0000000002937838]
Event: 8.088 Thread 0x000000000860f000  883             com.android.dx.cf.direct.DirectClassFile::getAccessFlags (9 bytes)

GC Heap History (10 events):
Event: 3.803 GC heap before
{Heap before GC invocations=4 (full 0):
 PSYoungGen      total 71680K, used 71664K [0x00000000eaa80000, 0x00000000f3680000, 0x0000000100000000)
  eden space 66560K, 100% used [0x00000000eaa80000,0x00000000eeb80000,0x00000000eeb80000)
  from space 5120K, 99% used [0x00000000eeb80000,0x00000000ef07c110,0x00000000ef080000)
  to   space 5120K, 0% used [0x00000000f3180000,0x00000000f3180000,0x00000000f3680000)
 ParOldGen       total 86528K, used 18782K [0x00000000c0000000, 0x00000000c5480000, 0x00000000eaa80000)
  object space 86528K, 21% used [0x00000000c0000000,0x00000000c1257940,0x00000000c5480000)
 PSPermGen       total 21504K, used 5938K [0x00000000bae00000, 0x00000000bc300000, 0x00000000c0000000)
  object space 21504K, 27% used [0x00000000bae00000,0x00000000bb3cc9e0,0x00000000bc300000)
Event: 3.878 GC heap after
Heap after GC invocations=4 (full 0):
 PSYoungGen      total 138240K, used 5096K [0x00000000eaa80000, 0x00000000f3680000, 0x0000000100000000)
  eden space 133120K, 0% used [0x00000000eaa80000,0x00000000eaa80000,0x00000000f2c80000)
  from space 5120K, 99% used [0x00000000f3180000,0x00000000f367a070,0x00000000f3680000)
  to   space 5120K, 0% used [0x00000000f2c80000,0x00000000f2c80000,0x00000000f3180000)
 ParOldGen       total 86528K, used 29204K [0x00000000c0000000, 0x00000000c5480000, 0x00000000eaa80000)
  object space 86528K, 33% used [0x00000000c0000000,0x00000000c1c850b8,0x00000000c5480000)
 PSPermGen       total 21504K, used 5938K [0x00000000bae00000, 0x00000000bc300000, 0x00000000c0000000)
  object space 21504K, 27% used [0x00000000bae00000,0x00000000bb3cc9e0,0x00000000bc300000)
}
Event: 4.957 GC heap before
{Heap before GC invocations=5 (full 0):
 PSYoungGen      total 138240K, used 138216K [0x00000000eaa80000, 0x00000000f3680000, 0x0000000100000000)
  eden space 133120K, 100% used [0x00000000eaa80000,0x00000000f2c80000,0x00000000f2c80000)
  from space 5120K, 99% used [0x00000000f3180000,0x00000000f367a070,0x00000000f3680000)
  to   space 5120K, 0% used [0x00000000f2c80000,0x00000000f2c80000,0x00000000f3180000)
 ParOldGen       total 86528K, used 29204K [0x00000000c0000000, 0x00000000c5480000, 0x00000000eaa80000)
  object space 86528K, 33% used [0x00000000c0000000,0x00000000c1c850b8,0x00000000c5480000)
 PSPermGen       total 21504K, used 6012K [0x00000000bae00000, 0x00000000bc300000, 0x00000000c0000000)
  object space 21504K, 27% used [0x00000000bae00000,0x00000000bb3df088,0x00000000bc300000)
Event: 5.012 GC heap after
Heap after GC invocations=5 (full 0):
 PSYoungGen      total 138240K, used 5088K [0x00000000eaa80000, 0x00000000fe480000, 0x0000000100000000)
  eden space 133120K, 0% used [0x00000000eaa80000,0x00000000eaa80000,0x00000000f2c80000)
  from space 5120K, 99% used [0x00000000f2c80000,0x00000000f3178108,0x00000000f3180000)
  to   space 27648K, 0% used [0x00000000fc980000,0x00000000fc980000,0x00000000fe480000)
 ParOldGen       total 86528K, used 50222K [0x00000000c0000000, 0x00000000c5480000, 0x00000000eaa80000)
  object space 86528K, 58% used [0x00000000c0000000,0x00000000c310bb80,0x00000000c5480000)
 PSPermGen       total 21504K, used 6012K [0x00000000bae00000, 0x00000000bc300000, 0x00000000c0000000)
  object space 21504K, 27% used [0x00000000bae00000,0x00000000bb3df088,0x00000000bc300000)
}
Event: 5.705 GC heap before
{Heap before GC invocations=6 (full 0):
 PSYoungGen      total 138240K, used 138208K [0x00000000eaa80000, 0x00000000fe480000, 0x0000000100000000)
  eden space 133120K, 100% used [0x00000000eaa80000,0x00000000f2c80000,0x00000000f2c80000)
  from space 5120K, 99% used [0x00000000f2c80000,0x00000000f3178108,0x00000000f3180000)
  to   space 27648K, 0% used [0x00000000fc980000,0x00000000fc980000,0x00000000fe480000)
 ParOldGen       total 86528K, used 50222K [0x00000000c0000000, 0x00000000c5480000, 0x00000000eaa80000)
  object space 86528K, 58% used [0x00000000c0000000,0x00000000c310bb80,0x00000000c5480000)
 PSPermGen       total 21504K, used 6030K [0x00000000bae00000, 0x00000000bc300000, 0x00000000c0000000)
  object space 21504K, 28% used [0x00000000bae00000,0x00000000bb3e3a30,0x00000000bc300000)
Event: 5.784 GC heap after
Heap after GC invocations=6 (full 0):
 PSYoungGen      total 289792K, used 25713K [0x00000000eaa80000, 0x00000000fec80000, 0x0000000100000000)
  eden space 262144K, 0% used [0x00000000eaa80000,0x00000000eaa80000,0x00000000faa80000)
  from space 27648K, 93% used [0x00000000fc980000,0x00000000fe29c570,0x00000000fe480000)
  to   space 31744K, 0% used [0x00000000faa80000,0x00000000faa80000,0x00000000fc980000)
 ParOldGen       total 86528K, used 50222K [0x00000000c0000000, 0x00000000c5480000, 0x00000000eaa80000)
  object space 86528K, 58% used [0x00000000c0000000,0x00000000c310bb80,0x00000000c5480000)
 PSPermGen       total 21504K, used 6030K [0x00000000bae00000, 0x00000000bc300000, 0x00000000c0000000)
  object space 21504K, 28% used [0x00000000bae00000,0x00000000bb3e3a30,0x00000000bc300000)
}
Event: 6.479 GC heap before
{Heap before GC invocations=7 (full 0):
 PSYoungGen      total 289792K, used 287857K [0x00000000eaa80000, 0x00000000fec80000, 0x0000000100000000)
  eden space 262144K, 100% used [0x00000000eaa80000,0x00000000faa80000,0x00000000faa80000)
  from space 27648K, 93% used [0x00000000fc980000,0x00000000fe29c570,0x00000000fe480000)
  to   space 31744K, 0% used [0x00000000faa80000,0x00000000faa80000,0x00000000fc980000)
 ParOldGen       total 86528K, used 50222K [0x00000000c0000000, 0x00000000c5480000, 0x00000000eaa80000)
  object space 86528K, 58% used [0x00000000c0000000,0x00000000c310bb80,0x00000000c5480000)
 PSPermGen       total 21504K, used 6054K [0x00000000bae00000, 0x00000000bc300000, 0x00000000c0000000)
  object space 21504K, 28% used [0x00000000bae00000,0x00000000bb3e9908,0x00000000bc300000)
Event: 6.609 GC heap after
Heap after GC invocations=7 (full 0):
 PSYoungGen      total 293888K, used 31714K [0x00000000eaa80000, 0x0000000100000000, 0x0000000100000000)
  eden space 262144K, 0% used [0x00000000eaa80000,0x00000000eaa80000,0x00000000faa80000)
  from space 31744K, 99% used [0x00000000faa80000,0x00000000fc978a08,0x00000000fc980000)
  to   space 55296K, 0% used [0x00000000fca00000,0x00000000fca00000,0x0000000100000000)
 ParOldGen       total 87040K, used 86680K [0x00000000c0000000, 0x00000000c5500000, 0x00000000eaa80000)
  object space 87040K, 99% used [0x00000000c0000000,0x00000000c54a6270,0x00000000c5500000)
 PSPermGen       total 21504K, used 6054K [0x00000000bae00000, 0x00000000bc300000, 0x00000000c0000000)
  object space 21504K, 28% used [0x00000000bae00000,0x00000000bb3e9908,0x00000000bc300000)
}
Event: 6.610 GC heap before
{Heap before GC invocations=8 (full 1):
 PSYoungGen      total 293888K, used 31714K [0x00000000eaa80000, 0x0000000100000000, 0x0000000100000000)
  eden space 262144K, 0% used [0x00000000eaa80000,0x00000000eaa80000,0x00000000faa80000)
  from space 31744K, 99% used [0x00000000faa80000,0x00000000fc978a08,0x00000000fc980000)
  to   space 55296K, 0% used [0x00000000fca00000,0x00000000fca00000,0x0000000100000000)
 ParOldGen       total 87040K, used 86680K [0x00000000c0000000, 0x00000000c5500000, 0x00000000eaa80000)
  object space 87040K, 99% used [0x00000000c0000000,0x00000000c54a6270,0x00000000c5500000)
 PSPermGen       total 21504K, used 6054K [0x00000000bae00000, 0x00000000bc300000, 0x00000000c0000000)
  object space 21504K, 28% used [0x00000000bae00000,0x00000000bb3e9908,0x00000000bc300000)
Event: 7.832 GC heap after
Heap after GC invocations=8 (full 1):
 PSYoungGen      total 293888K, used 26915K [0x00000000eaa80000, 0x0000000100000000, 0x0000000100000000)
  eden space 262144K, 0% used [0x00000000eaa80000,0x00000000eaa80000,0x00000000faa80000)
  from space 31744K, 84% used [0x00000000faa80000,0x00000000fc4c8d48,0x00000000fc980000)
  to   space 55296K, 0% used [0x00000000fca00000,0x00000000fca00000,0x0000000100000000)
 ParOldGen       total 174592K, used 86038K [0x00000000c0000000, 0x00000000caa80000, 0x00000000eaa80000)
  object space 174592K, 49% used [0x00000000c0000000,0x00000000c5405a28,0x00000000caa80000)
 PSPermGen       total 21504K, used 6048K [0x00000000bae00000, 0x00000000bc300000, 0x00000000c0000000)
  object space 21504K, 28% used [0x00000000bae00000,0x00000000bb3e8228,0x00000000bc300000)
}

Deoptimization events (10 events):
Event: 5.681 Thread 0x000000000a208000 Uncommon trap: reason=class_check action=maybe_recompile pc=0x000000000290b7ec method=com.android.dx.ssa.SCCP.simulateBranch(Lcom/android/dx/ssa/SsaInsn;)V @ 145
Event: 5.807 Thread 0x000000000a209000 Uncommon trap: reason=class_check action=maybe_recompile pc=0x000000000290b7ec method=com.android.dx.ssa.SCCP.simulateBranch(Lcom/android/dx/ssa/SsaInsn;)V @ 145
Event: 5.827 Thread 0x000000000a209000 Uncommon trap: reason=unreached action=reinterpret pc=0x00000000029968ec method=com.android.dx.ssa.MoveParamCombiner$1.visitNonMoveInsn(Lcom/android/dx/ssa/NormalSsaInsn;)V @ 27
Event: 5.828 Thread 0x000000000a209000 Uncommon trap: reason=class_check action=maybe_recompile pc=0x0000000002a583a4 method=com.android.dx.cf.code.Ropper.processBlock(Lcom/android/dx/cf/code/ByteBlock;Lcom/android/dx/cf/code/Frame;[I)V @ 711
Event: 5.844 Thread 0x000000000a13d800 Uncommon trap: reason=unreached action=reinterpret pc=0x0000000002ad9574 method=com.android.dx.rop.cst.CstInteger.make(I)Lcom/android/dx/rop/cst/CstInteger; @ 17
Event: 5.851 Thread 0x000000000a209000 Uncommon trap: reason=bimorphic action=maybe_recompile pc=0x00000000029a4dd0 method=com.android.dx.ssa.LiteralOpUpgrader.tryReplacingWithConstant(Lcom/android/dx/ssa/NormalSsaInsn;)Z @ 62
Event: 5.854 Thread 0x000000000a208000 Uncommon trap: reason=bimorphic action=maybe_recompile pc=0x00000000029b9d24 method=com.android.dx.ssa.LiteralOpUpgrader.tryReplacingWithConstant(Lcom/android/dx/ssa/NormalSsaInsn;)Z @ 62
Event: 5.906 Thread 0x000000000a214800 Uncommon trap: reason=bimorphic action=maybe_recompile pc=0x0000000002a849f8 method=com.android.dx.cf.code.BytecodeArray.parseInstruction(ILcom/android/dx/cf/code/BytecodeArray$Visitor;)I @ 1357
Event: 5.906 Thread 0x000000000a214800 Uncommon trap: reason=bimorphic action=maybe_recompile pc=0x0000000002a849f8 method=com.android.dx.cf.code.BytecodeArray.parseInstruction(ILcom/android/dx/cf/code/BytecodeArray$Visitor;)I @ 1357
Event: 7.967 Thread 0x0000000002730800 Uncommon trap: reason=unreached action=reinterpret pc=0x0000000002adf9e0 method=com.android.dx.cf.direct.StdAttributeFactory.parse0(Lcom/android/dx/cf/direct/DirectClassFile;ILjava/lang/String;IILcom/android/dx/cf/iface/ParseObserver;)Lcom/android/dx/cf/if

Internal exceptions (10 events):
Event: 1.406 Thread 0x0000000002730800 Threw 0x00000000ebfb5ed0 at C:\re\jdk7u79\2331\hotspot\src\share\vm\prims\jvm.cpp:1304
Event: 1.605 Thread 0x0000000002730800 Threw 0x00000000eca0df70 at C:\re\jdk7u79\2331\hotspot\src\share\vm\prims\jvm.cpp:1304
Event: 1.700 Thread 0x000000000a214800 Implicit null exception at 0x0000000002949538 to 0x000000000294b83d
Event: 1.722 Thread 0x000000000a13d800 Threw 0x00000000eaebd4a0 at C:\re\jdk7u79\2331\hotspot\src\share\vm\prims\jvm.cpp:1304
Event: 2.495 Thread 0x0000000002730800 Threw 0x00000000ed37f5c0 at C:\re\jdk7u79\2331\hotspot\src\share\vm\prims\jvm.cpp:1304
Event: 2.717 Thread 0x000000000a208000 Implicit null exception at 0x0000000002981952 to 0x0000000002982c81
Event: 2.722 Thread 0x000000000a208000 Implicit null exception at 0x000000000299c42c to 0x000000000299db51
Event: 3.458 Thread 0x0000000002730800 Threw 0x00000000ed0bc5f8 at C:\re\jdk7u79\2331\hotspot\src\share\vm\prims\jvm.cpp:1304
Event: 4.898 Thread 0x0000000002730800 Threw 0x00000000f24dff18 at C:\re\jdk7u79\2331\hotspot\src\share\vm\prims\jvm.cpp:1304
Event: 5.844 Thread 0x000000000a13d800 Implicit null exception at 0x0000000002ad94b0 to 0x0000000002ad9559

Events (10 events):
Event: 5.906 Thread 0x000000000a214800 DEOPT PACKING pc=0x0000000002a849f8 sp=0x000000000a77ebf0
Event: 5.906 Thread 0x000000000a214800 DEOPT UNPACKING pc=0x00000000028675a4 sp=0x000000000a77ebb0 mode 2
Event: 5.906 Thread 0x000000000a214800 Uncommon trap: trap_request=0xffffffc6 fr.pc=0x0000000002a849f8
Event: 5.906 Thread 0x000000000a214800 DEOPT PACKING pc=0x0000000002a849f8 sp=0x000000000a77ebc0
Event: 5.906 Thread 0x000000000a214800 DEOPT UNPACKING pc=0x00000000028675a4 sp=0x000000000a77eb80 mode 2
Event: 6.479 Executing VM operation: ParallelGCFailedAllocation
Event: 7.832 Executing VM operation: ParallelGCFailedAllocation done
Event: 7.967 Thread 0x0000000002730800 Uncommon trap: trap_request=0xffffffad fr.pc=0x0000000002adf9e0
Event: 7.967 Thread 0x0000000002730800 DEOPT PACKING pc=0x0000000002adf9e0 sp=0x000000000264e740
Event: 7.967 Thread 0x0000000002730800 DEOPT UNPACKING pc=0x00000000028675a4 sp=0x000000000264e6d8 mode 2


Dynamic libraries:
0x00007ff613650000 - 0x00007ff613683000 	C:\Program Files\Java\jdk1.7.0_79\bin\java.exe
0x00007ffdda760000 - 0x00007ffdda90d000 	C:\WINDOWS\SYSTEM32\ntdll.dll
0x00007ffdd8180000 - 0x00007ffdd82be000 	C:\WINDOWS\system32\KERNEL32.DLL
0x00007ffdd7c70000 - 0x00007ffdd7d85000 	C:\WINDOWS\system32\KERNELBASE.dll
0x00007ffdd6410000 - 0x00007ffdd649e000 	C:\WINDOWS\system32\apphelp.dll
0x00007ffdbdb30000 - 0x00007ffdbdb83000 	C:\WINDOWS\AppPatch\AppPatch64\AcGenral.DLL
0x00007ffdd9d60000 - 0x00007ffdd9e0a000 	C:\WINDOWS\system32\msvcrt.dll
0x00007ffdd76e0000 - 0x00007ffdd770e000 	C:\WINDOWS\SYSTEM32\SspiCli.dll
0x00007ffdda540000 - 0x00007ffdda594000 	C:\WINDOWS\system32\SHLWAPI.dll
0x00007ffdd7df0000 - 0x00007ffdd7f67000 	C:\WINDOWS\system32\USER32.dll
0x00007ffdda330000 - 0x00007ffdda4c4000 	C:\WINDOWS\system32\ole32.dll
0x00007ffdd82c0000 - 0x00007ffdd97ea000 	C:\WINDOWS\system32\SHELL32.dll
0x00007ffdd6dc0000 - 0x00007ffdd6de1000 	C:\WINDOWS\SYSTEM32\USERENV.dll
0x00007ffdda000000 - 0x00007ffdda0aa000 	C:\WINDOWS\system32\ADVAPI32.dll
0x00007ffdca890000 - 0x00007ffdca8ae000 	C:\WINDOWS\SYSTEM32\MPR.dll
0x00007ffdda600000 - 0x00007ffdda741000 	C:\WINDOWS\system32\RPCRT4.dll
0x00007ffdd9fa0000 - 0x00007ffdd9ff9000 	C:\WINDOWS\SYSTEM32\sechost.dll
0x00007ffdd9950000 - 0x00007ffdd9b61000 	C:\WINDOWS\SYSTEM32\combase.dll
0x00007ffdd7f70000 - 0x00007ffdd80c0000 	C:\WINDOWS\system32\GDI32.dll
0x00007ffdd78b0000 - 0x00007ffdd78c5000 	C:\WINDOWS\SYSTEM32\profapi.dll
0x00007ffdd5de0000 - 0x00007ffdd5e92000 	C:\WINDOWS\SYSTEM32\SHCORE.dll
0x00007ffdda2e0000 - 0x00007ffdda316000 	C:\WINDOWS\system32\IMM32.DLL
0x00007ffdd97f0000 - 0x00007ffdd9942000 	C:\WINDOWS\system32\MSCTF.dll
0x00007ffdd5960000 - 0x00007ffdd5bdb000 	C:\WINDOWS\WinSxS\amd64_microsoft.windows.common-controls_6595b64144ccf1df_6.0.9600.18006_none_623f33d3ecbe86e8\COMCTL32.dll
0x0000000069870000 - 0x0000000069942000 	C:\Program Files\Java\jdk1.7.0_79\jre\bin\msvcr100.dll
0x0000000069090000 - 0x0000000069865000 	C:\Program Files\Java\jdk1.7.0_79\jre\bin\server\jvm.dll
0x00007ffdd0030000 - 0x00007ffdd0039000 	C:\WINDOWS\SYSTEM32\WSOCK32.dll
0x00007ffdd2b70000 - 0x00007ffdd2b92000 	C:\WINDOWS\SYSTEM32\WINMM.dll
0x00007ffdd7de0000 - 0x00007ffdd7de7000 	C:\WINDOWS\system32\PSAPI.DLL
0x00007ffdda5a0000 - 0x00007ffdda5fa000 	C:\WINDOWS\system32\WS2_32.dll
0x00007ffdd2b40000 - 0x00007ffdd2b6a000 	C:\WINDOWS\SYSTEM32\WINMMBASE.dll
0x00007ffdd9d50000 - 0x00007ffdd9d59000 	C:\WINDOWS\system32\NSI.dll
0x00007ffdd7d90000 - 0x00007ffdd7ddf000 	C:\WINDOWS\SYSTEM32\cfgmgr32.dll
0x00007ffdd6660000 - 0x00007ffdd6688000 	C:\WINDOWS\SYSTEM32\DEVOBJ.dll
0x0000000069080000 - 0x000000006908f000 	C:\Program Files\Java\jdk1.7.0_79\jre\bin\verify.dll
0x0000000069050000 - 0x0000000069078000 	C:\Program Files\Java\jdk1.7.0_79\jre\bin\java.dll
0x0000000069030000 - 0x0000000069045000 	C:\Program Files\Java\jdk1.7.0_79\jre\bin\zip.dll
0x0000000069010000 - 0x000000006902a000 	C:\Program Files\Java\jdk1.7.0_79\jre\bin\net.dll
0x00007ffdd7030000 - 0x00007ffdd7089000 	C:\WINDOWS\system32\mswsock.dll
0x0000000068ff0000 - 0x0000000069001000 	C:\Program Files\Java\jdk1.7.0_79\jre\bin\nio.dll

VM Arguments:
jvm_args: -Djava.awt.headless=true -Xmx1024M -Dfile.encoding=windows-1252 -Duser.country=US -Duser.language=en -Duser.variant 
java_command: com.android.dx.command.Main --dex --num-threads=4 --multi-dex --main-dex-list D:\ChatAppCloud\ChatAppCloud\app\build\intermediates\multi-dex\debug\maindexlist.txt --output D:\ChatAppCloud\ChatAppCloud\app\build\intermediates\transforms\dex\debug\folders\1000\1f\main D:\ChatAppCloud\ChatAppCloud\app\build\intermediates\transforms\jarMerging\debug\jars\1\1f\combined.jar
Launcher Type: SUN_STANDARD

Environment Variables:
JAVA_HOME=C:\Program Files\Java\jdk1.8.0_65
PATH=C:\ProgramData\Oracle\Java\javapath;C:\Program Files (x86)\Intel\iCLS Client\;C:\Program Files\Intel\iCLS Client\;C:\WINDOWS\system32;C:\WINDOWS;C:\WINDOWS\System32\Wbem;C:\WINDOWS\System32\WindowsPowerShell\v1.0\;C:\Program Files\Intel\Intel(R) Management Engine Components\DAL;C:\Program Files (x86)\Intel\Intel(R) Management Engine Components\DAL;C:\Program Files\Intel\Intel(R) Management Engine Components\IPT;C:\Program Files (x86)\Intel\Intel(R) Management Engine Components\IPT;C:\Program Files\Intel\WiFi\bin\;C:\Program Files\Common Files\Intel\WirelessCommon\;C:\Program Files\Java\jdk1.7.0_79\bin;C:\Program Files (x86)\Skype\Phone\;C:\Program Files (x86)\Windows Live\Shared;C:\Program Files\nodejs\;C:\Users\Akshay\AppData\Roaming\npm;C:\Program Files\MongoDB\Server\3.2\bin
USERNAME=Akshay
OS=Windows_NT
PROCESSOR_IDENTIFIER=Intel64 Family 6 Model 61 Stepping 4, GenuineIntel



---------------  S Y S T E M  ---------------

OS: Windows 8.1 , 64 bit Build 9600 

CPU:total 4 (2 cores per cpu, 2 threads per core) family 6 model 61 stepping 4, cmov, cx8, fxsr, mmx, sse, sse2, sse3, ssse3, sse4.1, sse4.2, popcnt, avx, avx2, aes, erms, ht, tsc, tscinvbit

Memory: 4k page, physical 8301904k(1026476k free), swap 11447632k(6208k free)

vm_info: Java HotSpot(TM) 64-Bit Server VM (24.79-b02) for windows-amd64 JRE (1.7.0_79-b15), built on Apr 10 2015 12:36:16 by "java_re" with unknown MS VC++:1600

time: Sun Apr 17 17:56:25 2016
elapsed time: 8 seconds

